2025-03-28 17:13:47.314836 - Received CBT.V508.FILE095.PDS from FILE095.XMI 
2025-03-28 17:13:47.317241 - Found $$$$LIST.txt (text/plain) in CBT.V508.FILE095.PDS, moved to PDS/$$$$LIST
2025-03-28 17:13:47.317965 - Found $$$$UPDT.txt (text/plain) in CBT.V508.FILE095.PDS, moved to PDS/$$$$UPDT
2025-03-28 17:13:47.318620 - Found $$$#DATE.txt (text/plain) in CBT.V508.FILE095.PDS, moved to PDS/$$$#DATE
2025-03-28 17:13:47.319123 - Found $$$READ.txt (text/plain) in CBT.V508.FILE095.PDS, moved to PDS/$$$READ
2025-03-28 17:13:47.319660 - Found $BASIC.txt (text/plain) in CBT.V508.FILE095.PDS, moved to PDS/$BASIC
2025-03-28 17:13:47.320330 - Found $CHANGES.txt (text/plain) in CBT.V508.FILE095.PDS, moved to PDS/$CHANGES
2025-03-28 17:13:47.321065 - Found $DESCRPT.txt (text/plain) in CBT.V508.FILE095.PDS, moved to PDS/$DESCRPT
2025-03-28 17:13:47.321656 - Found $DOC.txt (text/plain) in CBT.V508.FILE095.PDS, moved to PDS/$DOC
2025-03-28 17:13:47.322227 - Found $EXAMPLE.txt (text/plain) in CBT.V508.FILE095.PDS, moved to PDS/$EXAMPLE
2025-03-28 17:13:47.322908 - Found $SAMPJCL.txt (text/plain) in CBT.V508.FILE095.PDS, moved to PDS/$SAMPJCL
2025-03-28 17:13:47.323467 - Found $SETUP.txt (text/plain) in CBT.V508.FILE095.PDS, moved to PDS/$SETUP
2025-03-28 17:13:47.324113 - Found $SHARE.txt (text/plain) in CBT.V508.FILE095.PDS, moved to PDS/$SHARE
2025-03-28 17:13:47.324665 - Found #ASMBOX.txt (text/plain) in CBT.V508.FILE095.PDS, moved to PDS/#ASMBOX
2025-03-28 17:13:47.325162 - Found #B.txt (text/plain) in CBT.V508.FILE095.PDS, moved to PDS/#B
2025-03-28 17:13:47.326099 - Found #BIG.txt (text/plain) in CBT.V508.FILE095.PDS, moved to PDS/#BIG
2025-03-28 17:13:47.326661 - Found #BIGS.txt (text/plain) in CBT.V508.FILE095.PDS, moved to PDS/#BIGS
2025-03-28 17:13:47.327302 - Found #BLDCOPY.txt (text/plain) in CBT.V508.FILE095.PDS, moved to PDS/#BLDCOPY
2025-03-28 17:13:47.328020 - Found #BRODPNL.txt (text/plain) in CBT.V508.FILE095.PDS, moved to PDS/#BRODPNL
2025-03-28 17:13:47.328509 - Found #CENTER.txt (text/plain) in CBT.V508.FILE095.PDS, moved to PDS/#CENTER
2025-03-28 17:13:47.332033 - Found #CHGALL.txt (text/plain) in CBT.V508.FILE095.PDS, moved to PDS/#CHGALL
2025-03-28 17:13:47.332663 - Found #CLISTBO.txt (text/plain) in CBT.V508.FILE095.PDS, moved to PDS/#CLISTBO
2025-03-28 17:13:47.333371 - Found #CLONE.txt (text/plain) in CBT.V508.FILE095.PDS, moved to PDS/#CLONE
2025-03-28 17:13:47.333884 - Found #COBBOX.txt (text/plain) in CBT.V508.FILE095.PDS, moved to PDS/#COBBOX
2025-03-28 17:13:47.334412 - Found #COMMENT.txt (text/plain) in CBT.V508.FILE095.PDS, moved to PDS/#COMMENT
2025-03-28 17:13:47.334980 - Found #COMPRES.txt (text/plain) in CBT.V508.FILE095.PDS, moved to PDS/#COMPRES
2025-03-28 17:13:47.335476 - Found #CONLY.txt (text/plain) in CBT.V508.FILE095.PDS, moved to PDS/#CONLY
2025-03-28 17:13:47.336072 - Found #CONT.txt (text/plain) in CBT.V508.FILE095.PDS, moved to PDS/#CONT
2025-03-28 17:13:47.336625 - Found #CONTROL.txt (text/plain) in CBT.V508.FILE095.PDS, moved to PDS/#CONTROL
2025-03-28 17:13:47.337194 - Found #CUT.txt (text/plain) in CBT.V508.FILE095.PDS, moved to PDS/#CUT
2025-03-28 17:13:47.337746 - Found #CUTTO.txt (text/plain) in CBT.V508.FILE095.PDS, moved to PDS/#CUTTO
2025-03-28 17:13:47.338233 - Found #D.txt (text/plain) in CBT.V508.FILE095.PDS, moved to PDS/#D
2025-03-28 17:13:47.338934 - Found #DELCUT.txt (text/plain) in CBT.V508.FILE095.PDS, moved to PDS/#DELCUT
2025-03-28 17:13:47.339420 - Found #DELDUPS.txt (text/plain) in CBT.V508.FILE095.PDS, moved to PDS/#DELDUPS
2025-03-28 17:13:47.340033 - Found #DSIGENP.txt (text/plain) in CBT.V508.FILE095.PDS, moved to PDS/#DSIGENP
2025-03-28 17:13:47.340542 - Found #DSIGENS.txt (text/plain) in CBT.V508.FILE095.PDS, moved to PDS/#DSIGENS
2025-03-28 17:13:47.341024 - Found #E.txt (text/plain) in CBT.V508.FILE095.PDS, moved to PDS/#E
2025-03-28 17:13:47.341490 - Found #EXIT.txt (text/plain) in CBT.V508.FILE095.PDS, moved to PDS/#EXIT
2025-03-28 17:13:47.341997 - Found #FC.txt (text/plain) in CBT.V508.FILE095.PDS, moved to PDS/#FC
2025-03-28 17:13:47.342480 - Found #FIXJCL.txt (text/plain) in CBT.V508.FILE095.PDS, moved to PDS/#FIXJCL
2025-03-28 17:13:47.342883 - Found #FMEMD00.txt (text/plain) in CBT.V508.FILE095.PDS, moved to PDS/#FMEMD00
2025-03-28 17:13:47.344559 - Found #FMEMD01.txt (text/plain) in CBT.V508.FILE095.PDS, moved to PDS/#FMEMD01
2025-03-28 17:13:47.344979 - Found #FMEMD02.txt (text/plain) in CBT.V508.FILE095.PDS, moved to PDS/#FMEMD02
2025-03-28 17:13:47.345851 - Found #INIT.txt (text/plain) in CBT.V508.FILE095.PDS, moved to PDS/#INIT
2025-03-28 17:13:47.347496 - Found #INITIAL.txt (text/plain) in CBT.V508.FILE095.PDS, moved to PDS/#INITIAL
2025-03-28 17:13:47.348812 - Found #ISPUCMB.bin (application/octet-stream) in CBT.V508.FILE095.PDS, moved to PDS/#ISPUCMB
2025-03-28 17:13:47.349199 - Found #JC.txt (text/plain) in CBT.V508.FILE095.PDS, moved to PDS/#JC
2025-03-28 17:13:47.350236 - Found #JCLBOX.txt (text/plain) in CBT.V508.FILE095.PDS, moved to PDS/#JCLBOX
2025-03-28 17:13:47.350885 - Found #JC2.txt (text/plain) in CBT.V508.FILE095.PDS, moved to PDS/#JC2
2025-03-28 17:13:47.351943 - Found #LCASE.txt (text/plain) in CBT.V508.FILE095.PDS, moved to PDS/#LCASE
2025-03-28 17:13:47.352521 - Found #LJUST.txt (text/plain) in CBT.V508.FILE095.PDS, moved to PDS/#LJUST
2025-03-28 17:13:47.353756 - Found #MACHELP.txt (text/plain) in CBT.V508.FILE095.PDS, moved to PDS/#MACHELP
2025-03-28 17:13:47.355386 - Found #MACLIST.txt (text/plain) in CBT.V508.FILE095.PDS, moved to PDS/#MACLIST
2025-03-28 17:13:47.355794 - Found #MEMLIST.txt (text/plain) in CBT.V508.FILE095.PDS, moved to PDS/#MEMLIST
2025-03-28 17:13:47.356373 - Found #MODEL.txt (text/plain) in CBT.V508.FILE095.PDS, moved to PDS/#MODEL
2025-03-28 17:13:47.356752 - Found #MOVECOL.bin (application/octet-stream) in CBT.V508.FILE095.PDS, moved to PDS/#MOVECOL
2025-03-28 17:13:47.358653 - Found #MSTATS.txt (text/plain) in CBT.V508.FILE095.PDS, moved to PDS/#MSTATS
2025-03-28 17:13:47.359184 - Found #NEWLINE.txt (text/plain) in CBT.V508.FILE095.PDS, moved to PDS/#NEWLINE
2025-03-28 17:13:47.359790 - Found #ONLY.txt (text/plain) in CBT.V508.FILE095.PDS, moved to PDS/#ONLY
2025-03-28 17:13:47.361702 - Found #PASTE.txt (text/plain) in CBT.V508.FILE095.PDS, moved to PDS/#PASTE
2025-03-28 17:13:47.363238 - Found #PBOX.txt (text/plain) in CBT.V508.FILE095.PDS, moved to PDS/#PBOX
2025-03-28 17:13:47.364252 - Found #PFCAN.txt (text/plain) in CBT.V508.FILE095.PDS, moved to PDS/#PFCAN
2025-03-28 17:13:47.365016 - Found #PFSET.txt (text/plain) in CBT.V508.FILE095.PDS, moved to PDS/#PFSET
2025-03-28 17:13:47.365602 - Found #PRTIT.txt (text/plain) in CBT.V508.FILE095.PDS, moved to PDS/#PRTIT
2025-03-28 17:13:47.366739 - Found #QCREATE.txt (text/plain) in CBT.V508.FILE095.PDS, moved to PDS/#QCREATE
2025-03-28 17:13:47.367879 - Found #QREP.txt (text/plain) in CBT.V508.FILE095.PDS, moved to PDS/#QREP
2025-03-28 17:13:47.368713 - Found #RCOLDEL.txt (text/plain) in CBT.V508.FILE095.PDS, moved to PDS/#RCOLDEL
2025-03-28 17:13:47.369835 - Found #RCOLS.txt (text/plain) in CBT.V508.FILE095.PDS, moved to PDS/#RCOLS
2025-03-28 17:13:47.370654 - Found #REPOTHE.txt (text/plain) in CBT.V508.FILE095.PDS, moved to PDS/#REPOTHE
2025-03-28 17:13:47.371212 - Found #RJUST.txt (text/plain) in CBT.V508.FILE095.PDS, moved to PDS/#RJUST
2025-03-28 17:13:47.371951 - Found #RNAME.txt (text/plain) in CBT.V508.FILE095.PDS, moved to PDS/#RNAME
2025-03-28 17:13:47.372755 - Found #S.txt (text/plain) in CBT.V508.FILE095.PDS, moved to PDS/#S
2025-03-28 17:13:47.374010 - Found #SEPLINE.txt (text/plain) in CBT.V508.FILE095.PDS, moved to PDS/#SEPLINE
2025-03-28 17:13:47.375346 - Found #SHOWCT2.txt (text/plain) in CBT.V508.FILE095.PDS, moved to PDS/#SHOWCT2
2025-03-28 17:13:47.376180 - Found #SHOWCUT.txt (text/plain) in CBT.V508.FILE095.PDS, moved to PDS/#SHOWCUT
2025-03-28 17:13:47.376980 - Found #SHOWDCB.txt (text/plain) in CBT.V508.FILE095.PDS, moved to PDS/#SHOWDCB
2025-03-28 17:13:47.377506 - Found #SHOWFLO.txt (text/plain) in CBT.V508.FILE095.PDS, moved to PDS/#SHOWFLO
2025-03-28 17:13:47.378844 - Found #SHOWMAC.txt (text/plain) in CBT.V508.FILE095.PDS, moved to PDS/#SHOWMAC
2025-03-28 17:13:47.380756 - Found #SLINE.txt (text/plain) in CBT.V508.FILE095.PDS, moved to PDS/#SLINE
2025-03-28 17:13:47.382227 - Found #SORTDUP.txt (text/plain) in CBT.V508.FILE095.PDS, moved to PDS/#SORTDUP
2025-03-28 17:13:47.383011 - Found #ST.txt (text/plain) in CBT.V508.FILE095.PDS, moved to PDS/#ST
2025-03-28 17:13:47.383888 - Found #STAMP.txt (text/plain) in CBT.V508.FILE095.PDS, moved to PDS/#STAMP
2025-03-28 17:13:47.384430 - Found #ST2.txt (text/plain) in CBT.V508.FILE095.PDS, moved to PDS/#ST2
2025-03-28 17:13:47.385772 - Found #ST3.txt (text/plain) in CBT.V508.FILE095.PDS, moved to PDS/#ST3
2025-03-28 17:13:47.387009 - Found #ST4.txt (text/plain) in CBT.V508.FILE095.PDS, moved to PDS/#ST4
2025-03-28 17:13:47.388430 - Found #ST5.txt (text/plain) in CBT.V508.FILE095.PDS, moved to PDS/#ST5
2025-03-28 17:13:47.389799 - Found #SUM.txt (text/plain) in CBT.V508.FILE095.PDS, moved to PDS/#SUM
2025-03-28 17:13:47.390651 - Found #SUPERT.txt (text/plain) in CBT.V508.FILE095.PDS, moved to PDS/#SUPERT
2025-03-28 17:13:47.391421 - Found #T.txt (text/plain) in CBT.V508.FILE095.PDS, moved to PDS/#T
2025-03-28 17:13:47.391992 - Found #TJ.txt (text/plain) in CBT.V508.FILE095.PDS, moved to PDS/#TJ
2025-03-28 17:13:47.392762 - Found #TYPE.txt (text/plain) in CBT.V508.FILE095.PDS, moved to PDS/#TYPE
2025-03-28 17:13:47.393348 - Found #UCASE.txt (text/plain) in CBT.V508.FILE095.PDS, moved to PDS/#UCASE
2025-03-28 17:13:47.393885 - Found #UNSEP.txt (text/plain) in CBT.V508.FILE095.PDS, moved to PDS/#UNSEP
2025-03-28 17:13:47.394542 - Found #XCOPY.txt (text/plain) in CBT.V508.FILE095.PDS, moved to PDS/#XCOPY
2025-03-28 17:13:47.395088 - Found #XSEND.txt (text/plain) in CBT.V508.FILE095.PDS, moved to PDS/#XSEND
2025-03-28 17:13:47.395735 - Found @FILE095.txt (text/plain) in CBT.V508.FILE095.PDS, moved to PDS/@FILE095
2025-03-28 17:13:47.396401 - Found ADDCMDS.txt (text/plain) in CBT.V508.FILE095.PDS, moved to PDS/ADDCMDS
2025-03-28 17:13:47.396971 - Found ASMBOX.txt (text/plain) in CBT.V508.FILE095.PDS, moved to PDS/ASMBOX
2025-03-28 17:13:47.397423 - Found B.txt (text/plain) in CBT.V508.FILE095.PDS, moved to PDS/B
2025-03-28 17:13:47.398357 - Found BIG.txt (text/plain) in CBT.V508.FILE095.PDS, moved to PDS/BIG
2025-03-28 17:13:47.399118 - Found BIGS.txt (text/plain) in CBT.V508.FILE095.PDS, moved to PDS/BIGS
2025-03-28 17:13:47.399680 - Found BLDCOPY.txt (text/plain) in CBT.V508.FILE095.PDS, moved to PDS/BLDCOPY
2025-03-28 17:13:47.400085 - Found BRODMAC.txt (text/plain) in CBT.V508.FILE095.PDS, moved to PDS/BRODMAC
2025-03-28 17:13:47.400661 - Found BRODMACD.txt (text/plain) in CBT.V508.FILE095.PDS, moved to PDS/BRODMACD
2025-03-28 17:13:47.401165 - Found BRODMACI.txt (text/plain) in CBT.V508.FILE095.PDS, moved to PDS/BRODMACI
2025-03-28 17:13:47.401721 - Found BRODMACR.txt (text/plain) in CBT.V508.FILE095.PDS, moved to PDS/BRODMACR
2025-03-28 17:13:47.402271 - Found BRODMACU.txt (text/plain) in CBT.V508.FILE095.PDS, moved to PDS/BRODMACU
2025-03-28 17:13:47.402866 - Found BRODREST.txt (text/plain) in CBT.V508.FILE095.PDS, moved to PDS/BRODREST
2025-03-28 17:13:47.403374 - Found BRODUPDR.txt (text/plain) in CBT.V508.FILE095.PDS, moved to PDS/BRODUPDR
2025-03-28 17:13:47.404134 - Found BRODUPDT.txt (text/plain) in CBT.V508.FILE095.PDS, moved to PDS/BRODUPDT
2025-03-28 17:13:47.404973 - Found CENTER.txt (text/plain) in CBT.V508.FILE095.PDS, moved to PDS/CENTER
2025-03-28 17:13:47.405440 - Found CHGALL.txt (text/plain) in CBT.V508.FILE095.PDS, moved to PDS/CHGALL
2025-03-28 17:13:47.410608 - Found CLISTBOX.txt (text/plain) in CBT.V508.FILE095.PDS, moved to PDS/CLISTBOX
2025-03-28 17:13:47.411300 - Found CLONE.txt (text/plain) in CBT.V508.FILE095.PDS, moved to PDS/CLONE
2025-03-28 17:13:47.412039 - Found CLONEP.txt (text/plain) in CBT.V508.FILE095.PDS, moved to PDS/CLONEP
2025-03-28 17:13:47.415917 - Found CLONES.txt (text/plain) in CBT.V508.FILE095.PDS, moved to PDS/CLONES
2025-03-28 17:13:47.416527 - Found CMDS.txt (text/plain) in CBT.V508.FILE095.PDS, moved to PDS/CMDS
2025-03-28 17:13:47.417129 - Found CMDUPDT1.txt (text/plain) in CBT.V508.FILE095.PDS, moved to PDS/CMDUPDT1
2025-03-28 17:13:47.417733 - Found COBBOX.txt (text/plain) in CBT.V508.FILE095.PDS, moved to PDS/COBBOX
2025-03-28 17:13:47.418353 - Found COBLCAS.txt (text/plain) in CBT.V508.FILE095.PDS, moved to PDS/COBLCAS
2025-03-28 17:13:47.418791 - Found COBSEPL.txt (text/plain) in CBT.V508.FILE095.PDS, moved to PDS/COBSEPL
2025-03-28 17:13:47.419304 - Found COBUCAS.txt (text/plain) in CBT.V508.FILE095.PDS, moved to PDS/COBUCAS
2025-03-28 17:13:47.419757 - Found COMMENTS.txt (text/plain) in CBT.V508.FILE095.PDS, moved to PDS/COMMENTS
2025-03-28 17:13:47.420239 - Found COMPRESS.txt (text/plain) in CBT.V508.FILE095.PDS, moved to PDS/COMPRESS
2025-03-28 17:13:47.420782 - Found CONLY.txt (text/plain) in CBT.V508.FILE095.PDS, moved to PDS/CONLY
2025-03-28 17:13:47.421224 - Found CONT.txt (text/plain) in CBT.V508.FILE095.PDS, moved to PDS/CONT
2025-03-28 17:13:47.421983 - Found CONTROL.txt (text/plain) in CBT.V508.FILE095.PDS, moved to PDS/CONTROL
2025-03-28 17:13:47.423055 - Found CUSTBOX.txt (text/plain) in CBT.V508.FILE095.PDS, moved to PDS/CUSTBOX
2025-03-28 17:13:47.424103 - Found CUT.txt (text/plain) in CBT.V508.FILE095.PDS, moved to PDS/CUT
2025-03-28 17:13:47.425078 - Found CUTTO.txt (text/plain) in CBT.V508.FILE095.PDS, moved to PDS/CUTTO
2025-03-28 17:13:47.426267 - Found D.txt (text/plain) in CBT.V508.FILE095.PDS, moved to PDS/D
2025-03-28 17:13:47.426827 - Found DELCUT.txt (text/plain) in CBT.V508.FILE095.PDS, moved to PDS/DELCUT
2025-03-28 17:13:47.427356 - Found DELC2.txt (text/plain) in CBT.V508.FILE095.PDS, moved to PDS/DELC2
2025-03-28 17:13:47.427857 - Found DELDUPS.txt (text/plain) in CBT.V508.FILE095.PDS, moved to PDS/DELDUPS
2025-03-28 17:13:47.428403 - Found DSIGENP.txt (text/plain) in CBT.V508.FILE095.PDS, moved to PDS/DSIGENP
2025-03-28 17:13:47.429475 - Found DSIGENS.txt (text/plain) in CBT.V508.FILE095.PDS, moved to PDS/DSIGENS
2025-03-28 17:13:47.433741 - Found E.txt (text/plain) in CBT.V508.FILE095.PDS, moved to PDS/E
2025-03-28 17:13:47.435399 - Found EDITPDS.txt (text/plain) in CBT.V508.FILE095.PDS, moved to PDS/EDITPDS
2025-03-28 17:13:47.436586 - Found EMACS.txt (text/plain) in CBT.V508.FILE095.PDS, moved to PDS/EMACS
2025-03-28 17:13:47.438387 - Found EXIT.txt (text/plain) in CBT.V508.FILE095.PDS, moved to PDS/EXIT
2025-03-28 17:13:47.440101 - Found FC.txt (text/plain) in CBT.V508.FILE095.PDS, moved to PDS/FC
2025-03-28 17:13:47.440949 - Found FIXJCL.txt (text/plain) in CBT.V508.FILE095.PDS, moved to PDS/FIXJCL
2025-03-28 17:13:47.441649 - Found HEADING.txt (text/plain) in CBT.V508.FILE095.PDS, moved to PDS/HEADING
2025-03-28 17:13:47.442310 - Found INIT.txt (text/plain) in CBT.V508.FILE095.PDS, moved to PDS/INIT
2025-03-28 17:13:47.442811 - Found INITIAL.txt (text/plain) in CBT.V508.FILE095.PDS, moved to PDS/INITIAL
2025-03-28 17:13:47.443485 - Found ISPUCMB.bin (application/octet-stream) in CBT.V508.FILE095.PDS, moved to PDS/ISPUCMB
2025-03-28 17:13:47.444002 - Found JC.txt (text/plain) in CBT.V508.FILE095.PDS, moved to PDS/JC
2025-03-28 17:13:47.444639 - Found JCLBOX.txt (text/plain) in CBT.V508.FILE095.PDS, moved to PDS/JCLBOX
2025-03-28 17:13:47.445290 - Found JOBCARD.txt (text/plain) in CBT.V508.FILE095.PDS, moved to PDS/JOBCARD
2025-03-28 17:13:47.445853 - Found LCASE.txt (text/plain) in CBT.V508.FILE095.PDS, moved to PDS/LCASE
2025-03-28 17:13:47.446292 - Found LCASEC.txt (text/plain) in CBT.V508.FILE095.PDS, moved to PDS/LCASEC
2025-03-28 17:13:47.446795 - Found LJUST.txt (text/plain) in CBT.V508.FILE095.PDS, moved to PDS/LJUST
2025-03-28 17:13:47.447222 - Found MACHELP.txt (text/plain) in CBT.V508.FILE095.PDS, moved to PDS/MACHELP
2025-03-28 17:13:47.447767 - Found MACLIST.txt (text/plain) in CBT.V508.FILE095.PDS, moved to PDS/MACLIST
2025-03-28 17:13:47.448596 - Found MEMLIST.txt (text/plain) in CBT.V508.FILE095.PDS, moved to PDS/MEMLIST
2025-03-28 17:13:47.449170 - Found MERGE.jcl (text/plain) in CBT.V508.FILE095.PDS, moved to PDS/MERGE
2025-03-28 17:13:47.449725 - Found MOVECOLS.txt (text/plain) in CBT.V508.FILE095.PDS, moved to PDS/MOVECOLS
2025-03-28 17:13:47.450258 - Found MRCLEAN.txt (text/plain) in CBT.V508.FILE095.PDS, moved to PDS/MRCLEAN
2025-03-28 17:13:47.450740 - Found MSTATS.txt (text/plain) in CBT.V508.FILE095.PDS, moved to PDS/MSTATS
2025-03-28 17:13:47.451167 - Found ONLY.txt (text/plain) in CBT.V508.FILE095.PDS, moved to PDS/ONLY
2025-03-28 17:13:47.451866 - Found OTHER.txt (text/plain) in CBT.V508.FILE095.PDS, moved to PDS/OTHER
2025-03-28 17:13:47.452963 - Found PARA.txt (text/plain) in CBT.V508.FILE095.PDS, moved to PDS/PARA
2025-03-28 17:13:47.456346 - Found PARADOC.txt (text/plain) in CBT.V508.FILE095.PDS, moved to PDS/PARADOC
2025-03-28 17:13:47.457264 - Found PASTE.txt (text/plain) in CBT.V508.FILE095.PDS, moved to PDS/PASTE
2025-03-28 17:13:47.457813 - Found PBOX.txt (text/plain) in CBT.V508.FILE095.PDS, moved to PDS/PBOX
2025-03-28 17:13:47.458417 - Found PFCAN.txt (text/plain) in CBT.V508.FILE095.PDS, moved to PDS/PFCAN
2025-03-28 17:13:47.458969 - Found PFSET.txt (text/plain) in CBT.V508.FILE095.PDS, moved to PDS/PFSET
2025-03-28 17:13:47.461663 - Found PRTIT.txt (text/plain) in CBT.V508.FILE095.PDS, moved to PDS/PRTIT
2025-03-28 17:13:47.462808 - Found QCREATE.txt (text/plain) in CBT.V508.FILE095.PDS, moved to PDS/QCREATE
2025-03-28 17:13:47.463968 - Found QREP.txt (text/plain) in CBT.V508.FILE095.PDS, moved to PDS/QREP
2025-03-28 17:13:47.465268 - Found RCOLDEL.txt (text/plain) in CBT.V508.FILE095.PDS, moved to PDS/RCOLDEL
2025-03-28 17:13:47.466933 - Found RCOLS.txt (text/plain) in CBT.V508.FILE095.PDS, moved to PDS/RCOLS
2025-03-28 17:13:47.468226 - Found REPOTHER.txt (text/plain) in CBT.V508.FILE095.PDS, moved to PDS/REPOTHER
2025-03-28 17:13:47.469377 - Found RJUST.txt (text/plain) in CBT.V508.FILE095.PDS, moved to PDS/RJUST
2025-03-28 17:13:47.470786 - Found RNAME.txt (text/plain) in CBT.V508.FILE095.PDS, moved to PDS/RNAME
2025-03-28 17:13:47.472095 - Found S.txt (text/plain) in CBT.V508.FILE095.PDS, moved to PDS/S
2025-03-28 17:13:47.472942 - Found SBOX.txt (text/plain) in CBT.V508.FILE095.PDS, moved to PDS/SBOX
2025-03-28 17:13:47.473716 - Found SCUT2.txt (text/plain) in CBT.V508.FILE095.PDS, moved to PDS/SCUT2
2025-03-28 17:13:47.475070 - Found SEPLINE.txt (text/plain) in CBT.V508.FILE095.PDS, moved to PDS/SEPLINE
2025-03-28 17:13:47.476548 - Found SHOWCUT.txt (text/plain) in CBT.V508.FILE095.PDS, moved to PDS/SHOWCUT
2025-03-28 17:13:47.477693 - Found SHOWCUT2.txt (text/plain) in CBT.V508.FILE095.PDS, moved to PDS/SHOWCUT2
2025-03-28 17:13:47.478693 - Found SHOWDCB.txt (text/plain) in CBT.V508.FILE095.PDS, moved to PDS/SHOWDCB
2025-03-28 17:13:47.479598 - Found SHOWFLOW.txt (text/plain) in CBT.V508.FILE095.PDS, moved to PDS/SHOWFLOW
2025-03-28 17:13:47.480595 - Found SHOWMACS.txt (text/plain) in CBT.V508.FILE095.PDS, moved to PDS/SHOWMACS
2025-03-28 17:13:47.481846 - Found SLINE.txt (text/plain) in CBT.V508.FILE095.PDS, moved to PDS/SLINE
2025-03-28 17:13:47.483153 - Found SORTDUPS.txt (text/plain) in CBT.V508.FILE095.PDS, moved to PDS/SORTDUPS
2025-03-28 17:13:47.484489 - Found ST.txt (text/plain) in CBT.V508.FILE095.PDS, moved to PDS/ST
2025-03-28 17:13:47.485303 - Found STAMP.txt (text/plain) in CBT.V508.FILE095.PDS, moved to PDS/STAMP
2025-03-28 17:13:47.486023 - Found STEDITY.txt (text/plain) in CBT.V508.FILE095.PDS, moved to PDS/STEDITY
2025-03-28 17:13:47.487222 - Found STEDIT2.txt (text/plain) in CBT.V508.FILE095.PDS, moved to PDS/STEDIT2
2025-03-28 17:13:47.488985 - Found SUM.txt (text/plain) in CBT.V508.FILE095.PDS, moved to PDS/SUM
2025-03-28 17:13:47.490278 - Found T.txt (text/plain) in CBT.V508.FILE095.PDS, moved to PDS/T
2025-03-28 17:13:47.491220 - Found TABLBLD.txt (text/plain) in CBT.V508.FILE095.PDS, moved to PDS/TABLBLD
2025-03-28 17:13:47.491629 - Found TEXTJOIN.txt (text/plain) in CBT.V508.FILE095.PDS, moved to PDS/TEXTJOIN
2025-03-28 17:13:47.492276 - Found TJ.txt (text/plain) in CBT.V508.FILE095.PDS, moved to PDS/TJ
2025-03-28 17:13:47.493086 - Found TYPE.txt (text/plain) in CBT.V508.FILE095.PDS, moved to PDS/TYPE
2025-03-28 17:13:47.493653 - Found TYPESET.txt (text/plain) in CBT.V508.FILE095.PDS, moved to PDS/TYPESET
2025-03-28 17:13:47.494222 - Found UCASE.txt (text/plain) in CBT.V508.FILE095.PDS, moved to PDS/UCASE
2025-03-28 17:13:47.494787 - Found UCASEC.txt (text/plain) in CBT.V508.FILE095.PDS, moved to PDS/UCASEC
2025-03-28 17:13:47.495383 - Found UNSEP.txt (text/plain) in CBT.V508.FILE095.PDS, moved to PDS/UNSEP
2025-03-28 17:13:47.496159 - Found WHEREMEM.txt (text/plain) in CBT.V508.FILE095.PDS, moved to PDS/WHEREMEM
2025-03-28 17:13:47.496585 - Found WHERMEM2.txt (text/plain) in CBT.V508.FILE095.PDS, moved to PDS/WHERMEM2
2025-03-28 17:13:47.497842 - Found WIPEIT.txt (text/plain) in CBT.V508.FILE095.PDS, moved to PDS/WIPEIT
2025-03-28 17:13:47.499186 - Found XCOPY.txt (text/plain) in CBT.V508.FILE095.PDS, moved to PDS/XCOPY
2025-03-28 17:13:47.500791 - Found XSEND.txt (text/plain) in CBT.V508.FILE095.PDS, moved to PDS/XSEND
